16:24:45 **** Build of configuration Debug for project drawline ****
make all 
'Building file: ../src/line.c'
'Invoking: MicroBlaze gcc compiler'
mb-gcc -Wall -O0 -g3 -c -fmessage-length=0 -I../../standalone_bsp_0/microblaze_0/include -mlittle-endian -mxl-barrel-shift -mxl-pattern-compare -mcpu=v8.40.b -mno-xl-soft-mul -Wl,--no-relax -MMD -MP -MF"src/line.d" -MT"src/line.d" -o "src/line.o" "../src/line.c"
'Finished building: ../src/line.c'
' '
'Building target: drawline.elf'
'Invoking: MicroBlaze gcc linker'
mb-gcc -Wl,-T -Wl,../src/lscript.ld -L../../standalone_bsp_0/microblaze_0/lib -mlittle-endian -mxl-barrel-shift -mxl-pattern-compare -mcpu=v8.40.b -mno-xl-soft-mul -Wl,--no-relax -o "drawline.elf"  ./src/line.o   -Wl,--start-group,-lxil,-lgcc,-lc,--end-group
./src/line.o: In function `main':
G:\GreedSnake_VGA\piano\SDK\SDK_Export\drawline\Debug/../src/line.c:19: undefined reference to `XTft_LookupConfig'
G:\GreedSnake_VGA\piano\SDK\SDK_Export\drawline\Debug/../src/line.c:20: undefined reference to `XTft_CfgInitialize'
G:\GreedSnake_VGA\piano\SDK\SDK_Export\drawline\Debug/../src/line.c:22: undefined reference to `XTft_SetFrameBaseAddr'
G:\GreedSnake_VGA\piano\SDK\SDK_Export\drawline\Debug/../src/line.c:23: undefined reference to `XTft_ClearScreen'
G:\GreedSnake_VGA\piano\SDK\SDK_Export\drawline\Debug/../src/line.c:27: undefined reference to `XTft_SetPixel'
G:\GreedSnake_VGA\piano\SDK\SDK_Export\drawline\Debug/../src/line.c:29: undefined reference to `XTft_SetPixel'
G:\GreedSnake_VGA\piano\SDK\SDK_Export\drawline\Debug/../src/line.c:32: undefined reference to `XTft_SetPixel'
G:\GreedSnake_VGA\piano\SDK\SDK_Export\drawline\Debug/../src/line.c:35: undefined reference to `XTft_SetPixel'
collect2: ld returned 1 exit status
make: *** [drawline.elf] ´íÎó 1

16:24:48 Build Finished (took 2s.731ms)

