20:22:29.210 INFO  - Processing command line option -hwspec E:\application_program2\xilinx_works\microcomputer_MIPS_Nexys4\piano\piano\SDK\SDK_Export\hw\system.xml. 
20:22:31.881 INFO  - The hardware specification for project 'N4_TFT_Ok_hw_platform' is different from E:\application_program2\xilinx_works\microcomputer_MIPS_Nexys4\piano\piano\SDK\SDK_Export\hw\system.xml. 
20:22:32.371 INFO  - Copied contents of E:\application_program2\xilinx_works\microcomputer_MIPS_Nexys4\piano\piano\SDK\SDK_Export\hw\system.xml into \N4_TFT_Ok_hw_platform\system.xml. 
20:22:32.385 INFO  - Copied contents of E:\application_program2\xilinx_works\microcomputer_MIPS_Nexys4\piano\piano\SDK\SDK_Export\hw\system.bit into \N4_TFT_Ok_hw_platform\system.bit. 
20:22:32.387 INFO  - Copied contents of E:\application_program2\xilinx_works\microcomputer_MIPS_Nexys4\piano\piano\SDK\SDK_Export\hw\system_bd.bmm into \N4_TFT_Ok_hw_platform\system_bd.bmm. 
20:22:33.183 INFO  - Synchronizing projects in the workspace with the hardware platform specification changes. 
20:22:35.032 INFO  - Updating hardware inferred compiler options for drawchar. 
20:22:35.827 INFO  - Updating hardware inferred compiler options for drawline. 
20:22:36.635 INFO  - Updating hardware inferred compiler options for drawpicture. 
20:22:37.441 INFO  - Updating hardware inferred compiler options for test_tft. 
20:22:37.461 INFO  - Clearing existing target manager status. 
20:30:25.207 ERROR - Unexpected error while obtaining referenced S/W project {} org.eclipse.core.internal.resources.ResourceException: Resource '/standalone_bsp_0' is not open.
	at org.eclipse.core.internal.resources.Project.checkAccessible(Project.java:150)
	at org.eclipse.core.internal.resources.Project.hasNature(Project.java:584)

20:30:25.208 ERROR - Unexpected error while obtaining referenced S/W project {} org.eclipse.core.internal.resources.ResourceException: Resource '/standalone_bsp_0' is not open.
	at org.eclipse.core.internal.resources.Project.checkAccessible(Project.java:150)
	at org.eclipse.core.internal.resources.Project.hasNature(Project.java:584)

20:30:25.399 ERROR - Unexpected error while obtaining referenced S/W project {} org.eclipse.core.internal.resources.ResourceException: Resource '/standalone_bsp_0' is not open.
	at org.eclipse.core.internal.resources.Project.checkAccessible(Project.java:150)
	at org.eclipse.core.internal.resources.Project.hasNature(Project.java:584)

20:30:25.401 ERROR - Unexpected error while obtaining referenced S/W project {} org.eclipse.core.internal.resources.ResourceException: Resource '/standalone_bsp_0' is not open.
	at org.eclipse.core.internal.resources.Project.checkAccessible(Project.java:150)
	at org.eclipse.core.internal.resources.Project.hasNature(Project.java:584)

20:30:30.095 ERROR - Unexpected error while obtaining referenced S/W project {} org.eclipse.core.internal.resources.ResourceException: Resource '/standalone_bsp_0' is not open.
	at org.eclipse.core.internal.resources.Project.checkAccessible(Project.java:150)
	at org.eclipse.core.internal.resources.Project.hasNature(Project.java:584)

20:30:30.098 ERROR - Unexpected error while obtaining referenced S/W project {} org.eclipse.core.internal.resources.ResourceException: Resource '/standalone_bsp_0' is not open.
	at org.eclipse.core.internal.resources.Project.checkAccessible(Project.java:150)
	at org.eclipse.core.internal.resources.Project.hasNature(Project.java:584)

20:30:30.265 ERROR - Unexpected error while obtaining referenced S/W project {} org.eclipse.core.internal.resources.ResourceException: Resource '/standalone_bsp_0' is not open.
	at org.eclipse.core.internal.resources.Project.checkAccessible(Project.java:150)
	at org.eclipse.core.internal.resources.Project.hasNature(Project.java:584)

20:30:30.269 ERROR - Unexpected error while obtaining referenced S/W project {} org.eclipse.core.internal.resources.ResourceException: Resource '/standalone_bsp_0' is not open.
	at org.eclipse.core.internal.resources.Project.checkAccessible(Project.java:150)
	at org.eclipse.core.internal.resources.Project.hasNature(Project.java:584)

20:30:43.664 ERROR - Unexpected error while obtaining referenced S/W project {} org.eclipse.core.internal.resources.ResourceException: Resource '/standalone_bsp_0' is not open.
	at org.eclipse.core.internal.resources.Project.checkAccessible(Project.java:150)
	at org.eclipse.core.internal.resources.Project.hasNature(Project.java:584)

20:30:43.666 ERROR - Unexpected error while obtaining referenced S/W project {} org.eclipse.core.internal.resources.ResourceException: Resource '/standalone_bsp_0' is not open.
	at org.eclipse.core.internal.resources.Project.checkAccessible(Project.java:150)
	at org.eclipse.core.internal.resources.Project.hasNature(Project.java:584)

20:30:43.699 ERROR - Unexpected error while obtaining referenced S/W project {} org.eclipse.core.internal.resources.ResourceException: Resource '/standalone_bsp_0' is not open.
	at org.eclipse.core.internal.resources.Project.checkAccessible(Project.java:150)
	at org.eclipse.core.internal.resources.Project.hasNature(Project.java:584)

20:30:43.700 ERROR - Unexpected error while obtaining referenced S/W project {} org.eclipse.core.internal.resources.ResourceException: Resource '/standalone_bsp_0' is not open.
	at org.eclipse.core.internal.resources.Project.checkAccessible(Project.java:150)
	at org.eclipse.core.internal.resources.Project.hasNature(Project.java:584)

20:30:43.750 ERROR - Unexpected error while obtaining referenced S/W project {} org.eclipse.core.internal.resources.ResourceException: Resource '/standalone_bsp_0' is not open.
	at org.eclipse.core.internal.resources.Project.checkAccessible(Project.java:150)
	at org.eclipse.core.internal.resources.Project.hasNature(Project.java:584)

20:30:43.752 ERROR - Unexpected error while obtaining referenced S/W project {} org.eclipse.core.internal.resources.ResourceException: Resource '/standalone_bsp_0' is not open.
	at org.eclipse.core.internal.resources.Project.checkAccessible(Project.java:150)
	at org.eclipse.core.internal.resources.Project.hasNature(Project.java:584)

20:30:46.663 ERROR - Unexpected error while obtaining referenced S/W project {} org.eclipse.core.internal.resources.ResourceException: Resource '/standalone_bsp_0' is not open.
	at org.eclipse.core.internal.resources.Project.checkAccessible(Project.java:150)
	at org.eclipse.core.internal.resources.Project.hasNature(Project.java:584)

20:30:46.665 ERROR - Unexpected error while obtaining referenced S/W project {} org.eclipse.core.internal.resources.ResourceException: Resource '/standalone_bsp_0' is not open.
	at org.eclipse.core.internal.resources.Project.checkAccessible(Project.java:150)
	at org.eclipse.core.internal.resources.Project.hasNature(Project.java:584)

20:30:46.833 ERROR - Unexpected error while obtaining referenced S/W project {} org.eclipse.core.internal.resources.ResourceException: Resource '/standalone_bsp_0' is not open.
	at org.eclipse.core.internal.resources.Project.checkAccessible(Project.java:150)
	at org.eclipse.core.internal.resources.Project.hasNature(Project.java:584)

20:30:46.836 ERROR - Unexpected error while obtaining referenced S/W project {} org.eclipse.core.internal.resources.ResourceException: Resource '/standalone_bsp_0' is not open.
	at org.eclipse.core.internal.resources.Project.checkAccessible(Project.java:150)
	at org.eclipse.core.internal.resources.Project.hasNature(Project.java:584)

20:30:48.792 ERROR - Unexpected error while obtaining referenced S/W project {} org.eclipse.core.internal.resources.ResourceException: Resource '/standalone_bsp_0' is not open.
	at org.eclipse.core.internal.resources.Project.checkAccessible(Project.java:150)
	at org.eclipse.core.internal.resources.Project.hasNature(Project.java:584)

20:30:48.793 ERROR - Unexpected error while obtaining referenced S/W project {} org.eclipse.core.internal.resources.ResourceException: Resource '/standalone_bsp_0' is not open.
	at org.eclipse.core.internal.resources.Project.checkAccessible(Project.java:150)
	at org.eclipse.core.internal.resources.Project.hasNature(Project.java:584)

20:30:48.916 ERROR - Unexpected error while obtaining referenced S/W project {} org.eclipse.core.internal.resources.ResourceException: Resource '/standalone_bsp_0' is not open.
	at org.eclipse.core.internal.resources.Project.checkAccessible(Project.java:150)
	at org.eclipse.core.internal.resources.Project.hasNature(Project.java:584)

20:30:48.918 ERROR - Unexpected error while obtaining referenced S/W project {} org.eclipse.core.internal.resources.ResourceException: Resource '/standalone_bsp_0' is not open.
	at org.eclipse.core.internal.resources.Project.checkAccessible(Project.java:150)
	at org.eclipse.core.internal.resources.Project.hasNature(Project.java:584)

20:33:52.238 ERROR - FPGA Configuration failed.Connection to Board Failed

Failed to Scan JTAG Chain
    Unknown Error
 
20:34:13.269 INFO  - FPGA configured successfully with bitstream "E:/application_program2/xilinx_works/microcomputer_MIPS_Nexys4/piano/piano/SDK/SDK_Export/N4_TFT_Ok_hw_platform/download.bit" 
20:47:30.835 ERROR - Unexpected error while obtaining referenced S/W project {} org.eclipse.core.internal.resources.ResourceException: Resource '/standalone_bsp_0' is not open.
	at org.eclipse.core.internal.resources.Project.checkAccessible(Project.java:150)
	at org.eclipse.core.internal.resources.Project.hasNature(Project.java:584)

20:47:30.835 ERROR - Unexpected error while obtaining referenced S/W project {} org.eclipse.core.internal.resources.ResourceException: Resource '/standalone_bsp_0' is not open.
	at org.eclipse.core.internal.resources.Project.checkAccessible(Project.java:150)
	at org.eclipse.core.internal.resources.Project.hasNature(Project.java:584)

20:47:31.019 ERROR - Unexpected error while obtaining referenced S/W project {} org.eclipse.core.internal.resources.ResourceException: Resource '/standalone_bsp_0' is not open.
	at org.eclipse.core.internal.resources.Project.checkAccessible(Project.java:150)
	at org.eclipse.core.internal.resources.Project.hasNature(Project.java:584)

20:47:31.023 ERROR - Unexpected error while obtaining referenced S/W project {} org.eclipse.core.internal.resources.ResourceException: Resource '/standalone_bsp_0' is not open.
	at org.eclipse.core.internal.resources.Project.checkAccessible(Project.java:150)
	at org.eclipse.core.internal.resources.Project.hasNature(Project.java:584)

20:47:46.187 ERROR - Unexpected error while obtaining referenced S/W project {} org.eclipse.core.internal.resources.ResourceException: Resource '/OmyGod_bsp' is not open.
	at org.eclipse.core.internal.resources.Project.checkAccessible(Project.java:150)
	at org.eclipse.core.internal.resources.Project.hasNature(Project.java:584)

20:47:46.189 ERROR - Unexpected error while obtaining referenced S/W project {} org.eclipse.core.internal.resources.ResourceException: Resource '/OmyGod_bsp' is not open.
	at org.eclipse.core.internal.resources.Project.checkAccessible(Project.java:150)
	at org.eclipse.core.internal.resources.Project.hasNature(Project.java:584)

20:52:04.566 INFO  - FPGA configured successfully with bitstream "E:/application_program2/xilinx_works/microcomputer_MIPS_Nexys4/piano/piano/SDK/SDK_Export/N4_TFT_Ok_hw_platform/download.bit" 
20:54:49.892 INFO  - FPGA configured successfully with bitstream "E:/application_program2/xilinx_works/microcomputer_MIPS_Nexys4/piano/piano/SDK/SDK_Export/N4_TFT_Ok_hw_platform/download.bit" 
21:01:12.463 INFO  - FPGA configured successfully with bitstream "E:/application_program2/xilinx_works/microcomputer_MIPS_Nexys4/piano/piano/SDK/SDK_Export/N4_TFT_Ok_hw_platform/download.bit" 
21:07:20.248 ERROR - Unexpected error while parsing XMD response ?: com.google.gson.JsonSyntaxException: com.google.gson.stream.MalformedJsonException: invalid number or unquoted string near  
16:58:58.536 ERROR - Checking FPGA configuration failed..Connection to Board Failed


    Failed to connect to Xilinx hw_server. Check if the
    hw_server is running and correct TCP port is used.
 
18:27:28.002 ERROR - Checking FPGA configuration failed..Connection to Board Failed

Failed to Scan JTAG Chain
    Unknown Error
 
18:28:01.512 INFO  - FPGA configured successfully with bitstream "G:/GreedSnake_VGA/piano/SDK/SDK_Export/piano_hw_platform/download.bit" 
18:28:04.104 ERROR - Unexpected error while fetching XMD's response:  java.net.SocketException: Connection reset
	at java.net.SocketInputStream.read(Unknown Source)
	at sun.nio.cs.StreamDecoder.readBytes(Unknown Source)

18:28:04.107 ERROR - Zero sized response read from XMD. This indicates a communication error or a programming error. 
18:29:18.958 INFO  - microblaze_0 Processor is in use. Please stop existing Run or Debug sessions before launching. 
18:29:52.876 INFO  - microblaze_0 Processor is in use. Please stop existing Run or Debug sessions before launching. 
18:30:54.485 INFO  - microblaze_0 Processor is in use. Please stop existing Run or Debug sessions before launching. 
18:32:21.536 INFO  - microblaze_0 Processor is in use. Please stop existing Run or Debug sessions before launching. 
18:33:34.656 INFO  - microblaze_0 Processor is in use. Please stop existing Run or Debug sessions before launching. 
18:34:09.837 INFO  - microblaze_0 Processor is in use. Please stop existing Run or Debug sessions before launching. 
18:34:25.771 INFO  - FPGA Cable Disconnected. All active launches will be terminated. 
18:47:57.046 ERROR - Checking FPGA configuration failed..Connection to Board Failed

Failed to Scan JTAG Chain
    Unknown Error
 
18:48:17.530 ERROR - Checking FPGA configuration failed..Connection to Board Failed

Failed to Scan JTAG Chain
    Unknown Error
 
18:48:22.163 ERROR - Unexpected error while parsing XMD response ?: com.google.gson.JsonSyntaxException: com.google.gson.stream.MalformedJsonException: invalid number or unquoted string near  
18:48:53.227 ERROR - Checking FPGA configuration failed..Connection to Board Failed

Failed to Scan JTAG Chain
    Unknown Error
 
18:49:20.894 INFO  - FPGA configured successfully with bitstream "G:/GreedSnake_VGA/piano/SDK/SDK_Export/piano_hw_platform/download.bit" 
18:50:15.376 INFO  - microblaze_0 Processor is in use. Please stop existing Run or Debug sessions before launching. 
18:50:39.637 INFO  - microblaze_0 Processor is in use. Please stop existing Run or Debug sessions before launching. 
18:51:24.538 INFO  - microblaze_0 Processor is in use. Please stop existing Run or Debug sessions before launching. 
18:52:27.568 INFO  - microblaze_0 Processor is in use. Please stop existing Run or Debug sessions before launching. 
18:53:11.236 INFO  - microblaze_0 Processor is in use. Please stop existing Run or Debug sessions before launching. 
18:54:34.488 INFO  - microblaze_0 Processor is in use. Please stop existing Run or Debug sessions before launching. 
18:55:07.502 INFO  - microblaze_0 Processor is in use. Please stop existing Run or Debug sessions before launching. 
18:55:21.484 INFO  - microblaze_0 Processor is in use. Please stop existing Run or Debug sessions before launching. 
19:00:50.348 INFO  - FPGA configured successfully with bitstream "G:/GreedSnake_VGA/piano/SDK/SDK_Export/piano_hw_platform/download.bit" 
19:01:23.064 INFO  - microblaze_0 Processor is in use. Please stop existing Run or Debug sessions before launching. 
19:02:47.528 INFO  - microblaze_0 Processor is in use. Please stop existing Run or Debug sessions before launching. 
19:03:26.332 INFO  - microblaze_0 Processor is in use. Please stop existing Run or Debug sessions before launching. 
19:03:57.083 INFO  - microblaze_0 Processor is in use. Please stop existing Run or Debug sessions before launching. 
19:04:41.317 INFO  - microblaze_0 Processor is in use. Please stop existing Run or Debug sessions before launching. 
19:05:35.389 INFO  - microblaze_0 Processor is in use. Please stop existing Run or Debug sessions before launching. 
19:05:42.382 INFO  - microblaze_0 Processor is in use. Please stop existing Run or Debug sessions before launching. 
19:06:22.541 INFO  - microblaze_0 Processor is in use. Please stop existing Run or Debug sessions before launching. 
19:08:33.569 INFO  - microblaze_0 Processor is in use. Please stop existing Run or Debug sessions before launching. 
19:09:45.878 INFO  - microblaze_0 Processor is in use. Please stop existing Run or Debug sessions before launching. 
19:10:03.089 INFO  - microblaze_0 Processor is in use. Please stop existing Run or Debug sessions before launching. 
19:10:39.628 INFO  - microblaze_0 Processor is in use. Please stop existing Run or Debug sessions before launching. 
19:13:00.078 INFO  - microblaze_0 Processor is in use. Please stop existing Run or Debug sessions before launching. 
19:13:41.563 INFO  - microblaze_0 Processor is in use. Please stop existing Run or Debug sessions before launching. 
19:25:06.652 INFO  - FPGA configured successfully with bitstream "G:/GreedSnake_VGA/piano/SDK/SDK_Export/piano_hw_platform/download.bit" 
19:25:31.584 INFO  - microblaze_0 Processor is in use. Please stop existing Run or Debug sessions before launching. 
19:26:15.582 INFO  - microblaze_0 Processor is in use. Please stop existing Run or Debug sessions before launching. 
19:27:29.671 INFO  - microblaze_0 Processor is in use. Please stop existing Run or Debug sessions before launching. 
19:28:50.266 INFO  - microblaze_0 Processor is in use. Please stop existing Run or Debug sessions before launching. 
19:28:52.373 INFO  - System reset is completed. 
19:30:15.604 ERROR - Unexpected error while launching program. java.lang.RuntimeException: Target request failed: Target is not responding (timed out).
	at com.xilinx.sdk.debug.core.XilinxAppLaunchConfigurationDelegate.debugApplication(Unknown Source)
	at com.xilinx.sdk.debug.core.XilinxAppLaunchConfigurationDelegate.launch(Unknown Source)

19:30:49.347 INFO  - System reset is completed. 
19:35:42.331 INFO  - microblaze_0 Processor is in use. Please stop existing Run or Debug sessions before launching. 
19:47:56.954 INFO  - microblaze_0 Processor is in use. Please stop existing Run or Debug sessions before launching. 
19:48:48.969 INFO  - microblaze_0 Processor is in use. Please stop existing Run or Debug sessions before launching. 
19:49:52.231 INFO  - microblaze_0 Processor is in use. Please stop existing Run or Debug sessions before launching. 
19:49:54.681 INFO  - System reset is completed. 
19:56:43.335 INFO  - microblaze_0 Processor is in use. Please stop existing Run or Debug sessions before launching. 
19:57:48.406 INFO  - microblaze_0 Processor is in use. Please stop existing Run or Debug sessions before launching. 
19:58:26.429 INFO  - FPGA Cable Disconnected. All active launches will be terminated. 
20:12:38.997 INFO  - FPGA configured successfully with bitstream "G:/GreedSnake_VGA/piano/SDK/SDK_Export/piano_hw_platform/download.bit" 
20:13:06.815 INFO  - microblaze_0 Processor is in use. Please stop existing Run or Debug sessions before launching. 
20:13:46.380 INFO  - microblaze_0 Processor is in use. Please stop existing Run or Debug sessions before launching. 
20:16:57.874 INFO  - microblaze_0 Processor is in use. Please stop existing Run or Debug sessions before launching. 
20:18:34.606 INFO  - microblaze_0 Processor is in use. Please stop existing Run or Debug sessions before launching. 
20:19:32.812 INFO  - microblaze_0 Processor is in use. Please stop existing Run or Debug sessions before launching. 
20:20:03.313 INFO  - microblaze_0 Processor is in use. Please stop existing Run or Debug sessions before launching. 
20:21:29.788 INFO  - microblaze_0 Processor is in use. Please stop existing Run or Debug sessions before launching. 
20:21:59.807 INFO  - microblaze_0 Processor is in use. Please stop existing Run or Debug sessions before launching. 
20:24:46.396 INFO  - microblaze_0 Processor is in use. Please stop existing Run or Debug sessions before launching. 
20:25:06.278 INFO  - FPGA Cable Disconnected. All active launches will be terminated. 
20:29:32.509 ERROR - FPGA Configuration failed.Connection to Board Failed

Failed to Scan JTAG Chain
    Unknown Error
 
20:29:47.554 INFO  - FPGA configured successfully with bitstream "G:/GreedSnake_VGA/piano/SDK/SDK_Export/piano_hw_platform/download.bit" 
20:30:26.886 INFO  - microblaze_0 Processor is in use. Please stop existing Run or Debug sessions before launching. 
20:31:53.938 INFO  - microblaze_0 Processor is in use. Please stop existing Run or Debug sessions before launching. 
20:32:29.337 INFO  - microblaze_0 Processor is in use. Please stop existing Run or Debug sessions before launching. 
20:32:59.168 INFO  - microblaze_0 Processor is in use. Please stop existing Run or Debug sessions before launching. 
20:33:34.396 INFO  - microblaze_0 Processor is in use. Please stop existing Run or Debug sessions before launching. 
20:34:49.982 INFO  - microblaze_0 Processor is in use. Please stop existing Run or Debug sessions before launching. 
20:35:28.676 INFO  - microblaze_0 Processor is in use. Please stop existing Run or Debug sessions before launching. 
20:36:12.375 INFO  - microblaze_0 Processor is in use. Please stop existing Run or Debug sessions before launching. 
20:36:42.393 INFO  - microblaze_0 Processor is in use. Please stop existing Run or Debug sessions before launching. 
20:37:35.343 INFO  - microblaze_0 Processor is in use. Please stop existing Run or Debug sessions before launching. 
20:38:08.435 INFO  - microblaze_0 Processor is in use. Please stop existing Run or Debug sessions before launching. 
20:39:09.388 INFO  - microblaze_0 Processor is in use. Please stop existing Run or Debug sessions before launching. 
20:40:59.839 INFO  - microblaze_0 Processor is in use. Please stop existing Run or Debug sessions before launching. 
20:41:31.262 INFO  - microblaze_0 Processor is in use. Please stop existing Run or Debug sessions before launching. 
20:42:28.830 INFO  - microblaze_0 Processor is in use. Please stop existing Run or Debug sessions before launching. 
20:43:53.985 INFO  - FPGA configured successfully with bitstream "G:/GreedSnake_VGA/piano/SDK/SDK_Export/piano_hw_platform/download.bit" 
20:45:30.318 INFO  - microblaze_0 Processor is in use. Please stop existing Run or Debug sessions before launching. 
20:45:32.269 INFO  - System reset is completed. 
20:49:06.620 ERROR - Unexpected error while fetching XMD's response:  java.net.SocketException: Connection reset
	at java.net.SocketInputStream.read(Unknown Source)
	at sun.nio.cs.StreamDecoder.readBytes(Unknown Source)

20:49:06.620 ERROR - Zero sized response read from XMD. This indicates a communication error or a programming error. 
20:54:41.668 INFO  - microblaze_0 Processor is in use. Please stop existing Run or Debug sessions before launching. 
20:55:28.271 INFO  - microblaze_0 Processor is in use. Please stop existing Run or Debug sessions before launching. 
20:56:26.760 INFO  - microblaze_0 Processor is in use. Please stop existing Run or Debug sessions before launching. 
20:57:01.396 INFO  - microblaze_0 Processor is in use. Please stop existing Run or Debug sessions before launching. 
20:57:30.823 INFO  - microblaze_0 Processor is in use. Please stop existing Run or Debug sessions before launching. 
20:58:27.346 INFO  - microblaze_0 Processor is in use. Please stop existing Run or Debug sessions before launching. 
20:59:37.767 INFO  - microblaze_0 Processor is in use. Please stop existing Run or Debug sessions before launching. 
21:00:27.660 INFO  - microblaze_0 Processor is in use. Please stop existing Run or Debug sessions before launching. 
21:01:27.974 INFO  - microblaze_0 Processor is in use. Please stop existing Run or Debug sessions before launching. 
21:02:04.310 INFO  - microblaze_0 Processor is in use. Please stop existing Run or Debug sessions before launching. 
21:02:33.205 INFO  - microblaze_0 Processor is in use. Please stop existing Run or Debug sessions before launching. 
21:03:21.413 INFO  - microblaze_0 Processor is in use. Please stop existing Run or Debug sessions before launching. 
21:04:51.679 INFO  - microblaze_0 Processor is in use. Please stop existing Run or Debug sessions before launching. 
21:07:06.154 INFO  - microblaze_0 Processor is in use. Please stop existing Run or Debug sessions before launching. 
21:07:24.800 INFO  - microblaze_0 Processor is in use. Please stop existing Run or Debug sessions before launching. 
21:07:40.606 INFO  - microblaze_0 Processor is in use. Please stop existing Run or Debug sessions before launching. 
21:08:26.661 INFO  - microblaze_0 Processor is in use. Please stop existing Run or Debug sessions before launching. 
21:10:05.037 INFO  - microblaze_0 Processor is in use. Please stop existing Run or Debug sessions before launching. 
21:11:29.749 INFO  - microblaze_0 Processor is in use. Please stop existing Run or Debug sessions before launching. 
21:12:25.054 ERROR - Unexpected error while launching program. java.lang.RuntimeException: The program file specified in the launch configuration does not exist
	at com.xilinx.sdk.debug.core.XilinxAppLaunchConfigurationDelegate.runApplication(Unknown Source)
	at com.xilinx.sdk.debug.core.XilinxAppLaunchConfigurationDelegate.launch(Unknown Source)

21:12:28.517 ERROR - Unexpected error while fetching XMD's response:  java.net.SocketException: Connection reset
	at java.net.SocketInputStream.read(Unknown Source)
	at sun.nio.cs.StreamDecoder.readBytes(Unknown Source)

21:12:29.064 ERROR - Zero sized response read from XMD. This indicates a communication error or a programming error. 
21:13:29.719 INFO  - microblaze_0 Processor is in use. Please stop existing Run or Debug sessions before launching. 
21:14:28.641 INFO  - microblaze_0 Processor is in use. Please stop existing Run or Debug sessions before launching. 
21:15:46.811 INFO  - microblaze_0 Processor is in use. Please stop existing Run or Debug sessions before launching. 
21:18:34.826 INFO  - microblaze_0 Processor is in use. Please stop existing Run or Debug sessions before launching. 
21:19:09.515 INFO  - microblaze_0 Processor is in use. Please stop existing Run or Debug sessions before launching. 
21:19:47.411 INFO  - microblaze_0 Processor is in use. Please stop existing Run or Debug sessions before launching. 
21:20:11.844 INFO  - microblaze_0 Processor is in use. Please stop existing Run or Debug sessions before launching. 
21:20:46.886 INFO  - microblaze_0 Processor is in use. Please stop existing Run or Debug sessions before launching. 
21:21:39.616 INFO  - microblaze_0 Processor is in use. Please stop existing Run or Debug sessions before launching. 
21:22:12.161 INFO  - microblaze_0 Processor is in use. Please stop existing Run or Debug sessions before launching. 
21:29:53.801 INFO  - microblaze_0 Processor is in use. Please stop existing Run or Debug sessions before launching. 
21:31:22.304 INFO  - microblaze_0 Processor is in use. Please stop existing Run or Debug sessions before launching. 
21:34:50.101 INFO  - microblaze_0 Processor is in use. Please stop existing Run or Debug sessions before launching. 
21:36:09.868 INFO  - microblaze_0 Processor is in use. Please stop existing Run or Debug sessions before launching. 
21:38:38.462 INFO  - microblaze_0 Processor is in use. Please stop existing Run or Debug sessions before launching. 
21:39:48.340 INFO  - System reset is completed. 
21:41:54.863 INFO  - microblaze_0 Processor is in use. Please stop existing Run or Debug sessions before launching. 
21:42:47.314 INFO  - microblaze_0 Processor is in use. Please stop existing Run or Debug sessions before launching. 
21:43:31.763 INFO  - microblaze_0 Processor is in use. Please stop existing Run or Debug sessions before launching. 
21:43:33.792 INFO  - System reset is completed. 
21:45:59.067 INFO  - microblaze_0 Processor is in use. Please stop existing Run or Debug sessions before launching. 
21:47:52.012 INFO  - microblaze_0 Processor is in use. Please stop existing Run or Debug sessions before launching. 
21:48:30.952 INFO  - microblaze_0 Processor is in use. Please stop existing Run or Debug sessions before launching. 
21:49:30.929 INFO  - microblaze_0 Processor is in use. Please stop existing Run or Debug sessions before launching. 
21:50:13.755 INFO  - microblaze_0 Processor is in use. Please stop existing Run or Debug sessions before launching. 
21:50:36.763 ERROR - Unable to disconnect from existing targets java.lang.NullPointerException
	at com.xilinx.sdk.targetmanager.internal.json.XMDJSONProcess.issueCommand(Unknown Source)
	at com.xilinx.sdk.targetmanager.internal.TM.disconnectTarget(Unknown Source)

21:50:36.810 ERROR - Unexpected error while fetching XMD's response:  java.net.SocketException: Connection reset
	at java.net.SocketInputStream.read(Unknown Source)
	at sun.nio.cs.StreamDecoder.readBytes(Unknown Source)

21:50:36.825 ERROR - Zero sized response read from XMD. This indicates a communication error or a programming error. 
12:40:29.104 INFO  - FPGA configured successfully with bitstream "K:/GreedSnake_VGA/piano/SDK/SDK_Export/piano_hw_platform/download.bit" 
12:43:06.310 INFO  - microblaze_0 Processor is in use. Please stop existing Run or Debug sessions before launching. 
12:45:18.309 INFO  - microblaze_0 Processor is in use. Please stop existing Run or Debug sessions before launching. 
12:50:51.173 INFO  - microblaze_0 Processor is in use. Please stop existing Run or Debug sessions before launching. 
12:51:25.128 INFO  - microblaze_0 Processor is in use. Please stop existing Run or Debug sessions before launching. 
13:00:20.465 ERROR - Unexpected error while parsing XMD response ?: com.google.gson.JsonSyntaxException: com.google.gson.stream.MalformedJsonException: invalid number or unquoted string near  
13:48:32.444 ERROR - FPGA Configuration failed.Connection to Board Failed

Failed to Scan JTAG Chain
    Unknown Error
 
13:48:48.820 INFO  - FPGA configured successfully with bitstream "K:/GreedSnake_VGA/piano/SDK/SDK_Export/piano_hw_platform/download.bit" 
13:54:12.577 INFO  - microblaze_0 Processor is in use. Please stop existing Run or Debug sessions before launching. 
14:23:39.610 ERROR - Unexpected error while launching program. java.lang.RuntimeException: Unable to determine ELF start address: UNABLE to Open File
    : K:/GreedSnake_VGA/piano/SDK/SDK_Export/snake/Debug/snake.elf

	at com.xilinx.sdk.targetmanager.internal.TM.getStartAddress(Unknown Source)
	at com.xilinx.sdk.debug.core.internal.AppRunner.run(Unknown Source)

14:24:03.793 ERROR - Unexpected error while launching program. java.lang.RuntimeException: Debug Operation Not Supported on the Target

	at com.xilinx.sdk.targetmanager.internal.TM.downloadELF(Unknown Source)
	at com.xilinx.sdk.debug.core.internal.AppRunner.run(Unknown Source)

14:24:27.864 INFO  - microblaze_0 Processor is in use. Please stop existing Run or Debug sessions before launching. 
14:24:29.104 ERROR - Unexpected error while launching program. java.lang.RuntimeException: No Active System

	at com.xilinx.sdk.targetmanager.internal.TM.stop(Unknown Source)
	at com.xilinx.sdk.targetmanager.internal.CPURunSession.terminate(Unknown Source)

14:24:41.054 INFO  - microblaze_0 Processor is in use. Please stop existing Run or Debug sessions before launching. 
14:24:45.944 ERROR - Unexpected error while launching program. java.lang.RuntimeException: No Active System

	at com.xilinx.sdk.targetmanager.internal.TM.stop(Unknown Source)
	at com.xilinx.sdk.targetmanager.internal.CPURunSession.terminate(Unknown Source)

14:25:05.047 WARN  - Terminating existing sessions on processor microblaze_0 
14:25:15.892 ERROR - Unexpected error while parsing XMD response ?: com.google.gson.JsonSyntaxException: com.google.gson.stream.MalformedJsonException: invalid number or unquoted string near  
14:25:47.417 INFO  - FPGA configured successfully with bitstream "K:/GreedSnake_VGA/piano/SDK/SDK_Export/piano_hw_platform/download.bit" 
14:44:47.245 INFO  - microblaze_0 Processor is in use. Please stop existing Run or Debug sessions before launching. 
14:46:50.702 INFO  - microblaze_0 Processor is in use. Please stop existing Run or Debug sessions before launching. 
14:52:11.539 INFO  - microblaze_0 Processor is in use. Please stop existing Run or Debug sessions before launching. 
14:53:18.805 INFO  - microblaze_0 Processor is in use. Please stop existing Run or Debug sessions before launching. 
14:59:10.036 INFO  - microblaze_0 Processor is in use. Please stop existing Run or Debug sessions before launching. 
15:02:33.877 INFO  - microblaze_0 Processor is in use. Please stop existing Run or Debug sessions before launching. 
15:04:15.964 INFO  - microblaze_0 Processor is in use. Please stop existing Run or Debug sessions before launching. 
15:09:15.338 INFO  - microblaze_0 Processor is in use. Please stop existing Run or Debug sessions before launching. 
15:13:52.788 INFO  - microblaze_0 Processor is in use. Please stop existing Run or Debug sessions before launching. 
15:14:14.688 INFO  - microblaze_0 Processor is in use. Please stop existing Run or Debug sessions before launching. 
15:14:41.492 INFO  - microblaze_0 Processor is in use. Please stop existing Run or Debug sessions before launching. 
15:18:05.806 INFO  - microblaze_0 Processor is in use. Please stop existing Run or Debug sessions before launching. 
15:18:51.322 INFO  - microblaze_0 Processor is in use. Please stop existing Run or Debug sessions before launching. 
15:23:42.527 INFO  - microblaze_0 Processor is in use. Please stop existing Run or Debug sessions before launching. 
15:25:41.500 INFO  - microblaze_0 Processor is in use. Please stop existing Run or Debug sessions before launching. 
15:27:30.012 INFO  - microblaze_0 Processor is in use. Please stop existing Run or Debug sessions before launching. 
15:34:39.958 INFO  - microblaze_0 Processor is in use. Please stop existing Run or Debug sessions before launching. 
15:35:55.569 INFO  - microblaze_0 Processor is in use. Please stop existing Run or Debug sessions before launching. 
15:37:05.916 INFO  - microblaze_0 Processor is in use. Please stop existing Run or Debug sessions before launching. 
15:38:55.694 INFO  - microblaze_0 Processor is in use. Please stop existing Run or Debug sessions before launching. 
15:40:37.120 INFO  - microblaze_0 Processor is in use. Please stop existing Run or Debug sessions before launching. 
15:45:46.509 INFO  - microblaze_0 Processor is in use. Please stop existing Run or Debug sessions before launching. 
15:46:08.600 INFO  - microblaze_0 Processor is in use. Please stop existing Run or Debug sessions before launching. 
15:47:41.252 INFO  - microblaze_0 Processor is in use. Please stop existing Run or Debug sessions before launching. 
15:48:32.317 INFO  - microblaze_0 Processor is in use. Please stop existing Run or Debug sessions before launching. 
15:50:40.164 INFO  - microblaze_0 Processor is in use. Please stop existing Run or Debug sessions before launching. 
15:53:08.932 INFO  - microblaze_0 Processor is in use. Please stop existing Run or Debug sessions before launching. 
15:54:34.312 INFO  - microblaze_0 Processor is in use. Please stop existing Run or Debug sessions before launching. 
15:57:40.514 INFO  - microblaze_0 Processor is in use. Please stop existing Run or Debug sessions before launching. 
16:00:42.951 INFO  - microblaze_0 Processor is in use. Please stop existing Run or Debug sessions before launching. 
16:05:12.463 INFO  - microblaze_0 Processor is in use. Please stop existing Run or Debug sessions before launching. 
16:06:37.721 INFO  - microblaze_0 Processor is in use. Please stop existing Run or Debug sessions before launching. 
16:08:32.550 INFO  - microblaze_0 Processor is in use. Please stop existing Run or Debug sessions before launching. 
16:09:37.954 INFO  - microblaze_0 Processor is in use. Please stop existing Run or Debug sessions before launching. 
16:11:03.681 INFO  - microblaze_0 Processor is in use. Please stop existing Run or Debug sessions before launching. 
16:12:04.736 INFO  - microblaze_0 Processor is in use. Please stop existing Run or Debug sessions before launching. 
16:17:29.928 INFO  - microblaze_0 Processor is in use. Please stop existing Run or Debug sessions before launching. 
16:21:24.448 INFO  - microblaze_0 Processor is in use. Please stop existing Run or Debug sessions before launching. 
16:30:54.129 INFO  - microblaze_0 Processor is in use. Please stop existing Run or Debug sessions before launching. 
16:39:39.742 INFO  - microblaze_0 Processor is in use. Please stop existing Run or Debug sessions before launching. 
16:55:57.117 ERROR - Unexpected error while parsing XMD response ?: com.google.gson.JsonSyntaxException: com.google.gson.stream.MalformedJsonException: invalid number or unquoted string near  
01:02:51.961 WARN  - Unable to obtain port 2350 for use by XMD, java.net.BindException: Address already in use: JVM_Bind 
01:02:51.968 WARN  - Unable to obtain port 2357 for use by XMD, java.net.BindException: Address already in use: JVM_Bind 
01:03:03.271 INFO  - FPGA configured successfully with bitstream "H:/GreedSnake_VGA/piano/SDK/SDK_Export/piano_hw_platform/download.bit" 
01:03:06.047 ERROR - Unexpected error while fetching XMD's response:  java.net.SocketException: Connection reset
	at java.net.SocketInputStream.read(Unknown Source)
	at sun.nio.cs.StreamDecoder.readBytes(Unknown Source)

01:03:06.059 ERROR - Zero sized response read from XMD. This indicates a communication error or a programming error. 
01:03:38.026 ERROR - Unexpected error while issuing command {"command": "xdisconnect -cable"} to XMD: java.net.SocketException: Connection reset by peer: socket write error 
01:04:28.243 WARN  - Unable to obtain port 2350 for use by XMD, java.net.BindException: Address already in use: JVM_Bind 
01:04:28.248 WARN  - Unable to obtain port 2357 for use by XMD, java.net.BindException: Address already in use: JVM_Bind 
01:04:38.710 INFO  - FPGA configured successfully with bitstream "H:/GreedSnake_VGA/piano/SDK/SDK_Export/piano_hw_platform/download.bit" 
01:07:22.215 ERROR - Unexpected error while parsing XMD response ?: com.google.gson.JsonSyntaxException: com.google.gson.stream.MalformedJsonException: invalid number or unquoted string near  
08:07:20.046 INFO  - Processing command line option -hwspec C:\Users\HYT\Desktop\GreedSnake_VGA\piano\SDK\SDK_Export\hw\system.xml. 
08:39:41.158 WARN  - Unable to obtain port 2350 for use by XMD, java.net.BindException: Address already in use: JVM_Bind 
08:39:59.452 INFO  - FPGA configured successfully with bitstream "C:/Users/HYT/Desktop/GreedSnake_VGA/piano/SDK/SDK_Export/piano_hw_platform/download.bit" 
08:41:51.922 INFO  - FPGA configured successfully with bitstream "C:/Users/HYT/Desktop/GreedSnake_VGA/piano/SDK/SDK_Export/piano_hw_platform/download.bit" 
08:43:52.645 INFO  - FPGA configured successfully with bitstream "C:/Users/HYT/Desktop/GreedSnake_VGA/piano/SDK/SDK_Export/piano_hw_platform/download.bit" 
08:50:11.499 INFO  - FPGA configured successfully with bitstream "C:/Users/HYT/Desktop/GreedSnake_VGA/piano/SDK/SDK_Export/piano_hw_platform/download.bit" 
08:50:56.588 INFO  - FPGA configured successfully with bitstream "C:/Users/HYT/Desktop/GreedSnake_VGA/piano/SDK/SDK_Export/piano_hw_platform/download.bit" 
08:51:17.445 ERROR - Unexpected error while fetching XMD's response:  java.net.SocketException: Connection reset
	at java.net.SocketInputStream.read(Unknown Source)
	at sun.nio.cs.StreamDecoder.readBytes(Unknown Source)

08:51:17.445 ERROR - Zero sized response read from XMD. This indicates a communication error or a programming error. 
09:10:46.863 ERROR - Unexpected error while issuing command {"command": "xdisconnect -cable"} to XMD: java.net.SocketException: Connection reset by peer: socket write error 
09:11:18.175 ERROR - Unexpected error while issuing command {"command": "xdisconnect -cable"} to XMD: java.net.SocketException: Connection reset by peer: socket write error 
09:13:08.608 ERROR - Unexpected error while issuing command {"command": "xdisconnect -cable"} to XMD: java.net.SocketException: Connection reset by peer: socket write error 
09:15:56.846 INFO  - FPGA configured successfully with bitstream "C:/Users/HYT/Desktop/GreedSnake_VGA/piano/SDK/SDK_Export/piano_hw_platform/download.bit" 
09:23:04.880 ERROR - Unexpected error while fetching XMD's response:  java.net.SocketException: Connection reset
	at java.net.SocketInputStream.read(Unknown Source)
	at sun.nio.cs.StreamDecoder.readBytes(Unknown Source)

09:23:04.880 ERROR - Zero sized response read from XMD. This indicates a communication error or a programming error. 
09:26:40.355 INFO  - FPGA configured successfully with bitstream "C:/Users/HYT/Desktop/GreedSnake_VGA/piano/SDK/SDK_Export/piano_hw_platform/download.bit" 
09:28:40.850 ERROR - Unexpected error while parsing XMD response ?: com.google.gson.JsonSyntaxException: com.google.gson.stream.MalformedJsonException: invalid number or unquoted string near  
09:29:15.335 INFO  - FPGA configured successfully with bitstream "C:/Users/HYT/Desktop/GreedSnake_VGA/piano/SDK/SDK_Export/piano_hw_platform/download.bit" 
09:31:30.525 ERROR - Unexpected error while parsing XMD response ?: com.google.gson.JsonSyntaxException: com.google.gson.stream.MalformedJsonException: invalid number or unquoted string near  
09:32:08.113 INFO  - FPGA configured successfully with bitstream "C:/Users/HYT/Desktop/GreedSnake_VGA/piano/SDK/SDK_Export/piano_hw_platform/download.bit" 
09:36:58.326 INFO  - FPGA configured successfully with bitstream "C:/Users/HYT/Desktop/GreedSnake_VGA/piano/SDK/SDK_Export/piano_hw_platform/download.bit" 
09:58:10.321 INFO  - FPGA configured successfully with bitstream "C:/Users/HYT/Desktop/GreedSnake_VGA/piano/SDK/SDK_Export/piano_hw_platform/download.bit" 
10:01:49.923 ERROR - Unexpected error while parsing XMD response ?: com.google.gson.JsonSyntaxException: com.google.gson.stream.MalformedJsonException: invalid number or unquoted string near  
16:04:09.797 ERROR - FPGA Configuration failed.Connection to Board Failed


    Could not open plug-in of the type: digilent_plugin. Please check to make sure the correct plug-in for this type is properly installed.
The following targetNames are available:
  xilinx_svffile (libCseSvfFilePlugin)
  xilinx_tcf (libCseTcfPlugin)
  auto (libCseXilCommPlugin)
  xilinx_parallel (libCseXilCommPlugin)
  xilinx_platformusb (libCseXilCommPlugin)
  xilinx_file (libCseXilCommPlugin)
  xilinx_xvc (libCseXvcPlugin)

    Failed to Open JTAG Cable
    Unknown Error
 
16:05:39.337 ERROR - FPGA Configuration failed.Connection to Board Failed


    Could not open plug-in of the type: digilent_plugin. Please check to make sure the correct plug-in for this type is properly installed.
The following targetNames are available:
  xilinx_svffile (libCseSvfFilePlugin)
  xilinx_tcf (libCseTcfPlugin)
  auto (libCseXilCommPlugin)
  xilinx_parallel (libCseXilCommPlugin)
  xilinx_platformusb (libCseXilCommPlugin)
  xilinx_file (libCseXilCommPlugin)
  xilinx_xvc (libCseXvcPlugin)

    Failed to Open JTAG Cable
    Unknown Error
 
16:06:14.658 ERROR - FPGA Configuration failed.Connection to Board Failed


    Could not open plug-in of the type: digilent_plugin. Please check to make sure the correct plug-in for this type is properly installed.
The following targetNames are available:
  xilinx_svffile (libCseSvfFilePlugin)
  xilinx_tcf (libCseTcfPlugin)
  auto (libCseXilCommPlugin)
  xilinx_parallel (libCseXilCommPlugin)
  xilinx_platformusb (libCseXilCommPlugin)
  xilinx_file (libCseXilCommPlugin)
  xilinx_xvc (libCseXvcPlugin)

    Failed to Open JTAG Cable
    Unknown Error
 
16:08:43.623 ERROR - FPGA Configuration failed.Connection to Board Failed


    Could not open plug-in of the type: digilent_plugin. Please check to make sure the correct plug-in for this type is properly installed.
The following targetNames are available:
  xilinx_svffile (libCseSvfFilePlugin)
  xilinx_tcf (libCseTcfPlugin)
  auto (libCseXilCommPlugin)
  xilinx_parallel (libCseXilCommPlugin)
  xilinx_platformusb (libCseXilCommPlugin)
  xilinx_file (libCseXilCommPlugin)
  xilinx_xvc (libCseXvcPlugin)

    Failed to Open JTAG Cable
    Unknown Error
 
16:15:00.459 ERROR - Unexpected error while parsing XMD response ?: com.google.gson.JsonSyntaxException: com.google.gson.stream.MalformedJsonException: invalid number or unquoted string near  
16:16:27.994 ERROR - FPGA Configuration failed.Connection to Board Failed


    Could not open plug-in of the type: digilent_plugin. Please check to make sure the correct plug-in for this type is properly installed.
The following targetNames are available:
  xilinx_svffile (libCseSvfFilePlugin)
  xilinx_tcf (libCseTcfPlugin)
  auto (libCseXilCommPlugin)
  xilinx_parallel (libCseXilCommPlugin)
  xilinx_platformusb (libCseXilCommPlugin)
  xilinx_file (libCseXilCommPlugin)
  xilinx_xvc (libCseXvcPlugin)

    Failed to Open JTAG Cable
    Unknown Error
 
16:31:03.600 INFO  - FPGA configured successfully with bitstream "C:/Users/sti/Desktop/GreedSnake_VGA/piano/SDK/SDK_Export/piano_hw_platform/download.bit" 
16:46:33.525 INFO  - FPGA configured successfully with bitstream "C:/Users/sti/Desktop/GreedSnake_VGA/piano/SDK/SDK_Export/piano_hw_platform/download.bit" 
16:59:28.356 INFO  - FPGA configured successfully with bitstream "C:/Users/sti/Desktop/GreedSnake_VGA/piano/SDK/SDK_Export/piano_hw_platform/download.bit" 
16:59:41.370 ERROR - Unexpected error while fetching XMD's response:  java.net.SocketException: Connection reset
	at java.net.SocketInputStream.read(Unknown Source)
	at sun.nio.cs.StreamDecoder.readBytes(Unknown Source)

16:59:41.370 ERROR - Zero sized response read from XMD. This indicates a communication error or a programming error. 
16:59:41.715 ERROR - Unexpected error while issuing command {"command": "xdisconnect -cable"} to XMD: java.net.SocketException: Connection reset by peer: socket write error 
16:59:57.587 ERROR - Unexpected error while issuing command {"command": "xdisconnect -cable"} to XMD: java.net.SocketException: Connection reset by peer: socket write error 
17:02:23.499 INFO  - FPGA configured successfully with bitstream "C:/Users/sti/Desktop/GreedSnake_VGA/piano/SDK/SDK_Export/piano_hw_platform/download.bit" 
17:02:56.990 ERROR - Unexpected error while fetching XMD's response:  java.net.SocketException: Connection reset
	at java.net.SocketInputStream.read(Unknown Source)
	at sun.nio.cs.StreamDecoder.readBytes(Unknown Source)

17:02:57.007 ERROR - Zero sized response read from XMD. This indicates a communication error or a programming error. 
17:28:29.501 ERROR - Unexpected error while issuing command {"command": "xdisconnect -cable"} to XMD: java.net.SocketException: Connection reset by peer: socket write error 
17:29:52.957 INFO  - FPGA configured successfully with bitstream "C:/Users/sti/Desktop/GreedSnake_VGA/piano/SDK/SDK_Export/piano_hw_platform/download.bit" 
17:30:29.211 ERROR - Unexpected error while fetching XMD's response:  java.net.SocketException: Connection reset
	at java.net.SocketInputStream.read(Unknown Source)
	at sun.nio.cs.StreamDecoder.readBytes(Unknown Source)

17:30:29.215 ERROR - Zero sized response read from XMD. This indicates a communication error or a programming error. 
17:49:44.464 ERROR - Unexpected error while issuing command {"command": "xdisconnect -cable"} to XMD: java.net.SocketException: Connection reset by peer: socket write error 
17:50:40.192 INFO  - FPGA configured successfully with bitstream "C:/Users/sti/Desktop/GreedSnake_VGA/piano/SDK/SDK_Export/piano_hw_platform/download.bit" 
18:00:25.523 INFO  - FPGA configured successfully with bitstream "C:/Users/sti/Desktop/GreedSnake_VGA/piano/SDK/SDK_Export/piano_hw_platform/download.bit" 
18:01:05.772 ERROR - Unexpected error while fetching XMD's response:  java.net.SocketException: Connection reset
	at java.net.SocketInputStream.read(Unknown Source)
	at sun.nio.cs.StreamDecoder.readBytes(Unknown Source)

18:01:05.774 ERROR - Zero sized response read from XMD. This indicates a communication error or a programming error. 
18:07:41.402 ERROR - Unexpected error while issuing command {"command": "xdisconnect -cable"} to XMD: java.net.SocketException: Connection reset by peer: socket write error 
18:08:31.822 INFO  - FPGA configured successfully with bitstream "C:/Users/sti/Desktop/GreedSnake_VGA/piano/SDK/SDK_Export/piano_hw_platform/download.bit" 
18:09:10.606 ERROR - Unexpected error while fetching XMD's response:  java.net.SocketException: Connection reset
	at java.net.SocketInputStream.read(Unknown Source)
	at sun.nio.cs.StreamDecoder.readBytes(Unknown Source)

18:09:10.608 ERROR - Zero sized response read from XMD. This indicates a communication error or a programming error. 
18:13:52.964 ERROR - Unexpected error while issuing command {"command": "xdisconnect -cable"} to XMD: java.net.SocketException: Connection reset by peer: socket write error 
18:14:35.722 INFO  - FPGA configured successfully with bitstream "C:/Users/sti/Desktop/GreedSnake_VGA/piano/SDK/SDK_Export/piano_hw_platform/download.bit" 
18:15:26.919 ERROR - Unexpected error while fetching XMD's response:  java.net.SocketException: Connection reset
	at java.net.SocketInputStream.read(Unknown Source)
	at sun.nio.cs.StreamDecoder.readBytes(Unknown Source)

18:15:26.924 ERROR - Zero sized response read from XMD. This indicates a communication error or a programming error. 
18:18:15.323 INFO  - FPGA configured successfully with bitstream "C:/Users/sti/Desktop/GreedSnake_VGA/piano/SDK/SDK_Export/piano_hw_platform/download.bit" 
18:27:33.382 ERROR - Unexpected error while parsing XMD response ?: com.google.gson.JsonSyntaxException: com.google.gson.stream.MalformedJsonException: invalid number or unquoted string near  
18:28:01.413 INFO  - FPGA configured successfully with bitstream "C:/Users/sti/Desktop/GreedSnake_VGA/piano/SDK/SDK_Export/piano_hw_platform/download.bit" 
18:32:50.606 ERROR - Unexpected error while parsing XMD response ?: com.google.gson.JsonSyntaxException: com.google.gson.stream.MalformedJsonException: invalid number or unquoted string near  
18:33:18.707 INFO  - FPGA configured successfully with bitstream "C:/Users/sti/Desktop/GreedSnake_VGA/piano/SDK/SDK_Export/piano_hw_platform/download.bit" 
18:33:56.750 ERROR - Unexpected error while fetching XMD's response:  java.net.SocketException: Connection reset
	at java.net.SocketInputStream.read(Unknown Source)
	at sun.nio.cs.StreamDecoder.readBytes(Unknown Source)

18:33:56.752 ERROR - Zero sized response read from XMD. This indicates a communication error or a programming error. 
18:42:09.231 INFO  - FPGA configured successfully with bitstream "C:/Users/sti/Desktop/GreedSnake_VGA/piano/SDK/SDK_Export/piano_hw_platform/download.bit" 
19:08:02.381 ERROR - Unexpected error while parsing XMD response ?: com.google.gson.JsonSyntaxException: com.google.gson.stream.MalformedJsonException: invalid number or unquoted string near  
19:09:03.943 INFO  - FPGA configured successfully with bitstream "C:/Users/sti/Desktop/GreedSnake_VGA/piano/SDK/SDK_Export/piano_hw_platform/download.bit" 
19:23:40.537 ERROR - Unexpected error while fetching XMD's response:  java.net.SocketException: Connection reset
	at java.net.SocketInputStream.read(Unknown Source)
	at sun.nio.cs.StreamDecoder.readBytes(Unknown Source)

19:23:40.541 ERROR - Zero sized response read from XMD. This indicates a communication error or a programming error. 
19:27:51.560 INFO  - Project Linedraw_bsp was a BSP project. Please update references. 
19:27:51.575 ERROR - SDK has detected that project Linedraw_bsp has been deleted (or renamed).
If this project was a BSP referenced by other C/C++ applications, then those applications will fail to build now. Please right click on those applications and click 'Change Referenced BSP' to update those projects' BSP references. 
19:30:12.927 INFO  - FPGA configured successfully with bitstream "C:/Users/sti/Desktop/GreedSnake_VGA/piano/SDK/SDK_Export/piano_hw_platform/download.bit" 
19:43:47.969 INFO  - FPGA configured successfully with bitstream "C:/Users/sti/Desktop/GreedSnake_VGA/piano/SDK/SDK_Export/piano_hw_platform/download.bit" 
19:46:01.054 ERROR - Unexpected error while fetching XMD's response:  java.net.SocketException: Connection reset
	at java.net.SocketInputStream.read(Unknown Source)
	at sun.nio.cs.StreamDecoder.readBytes(Unknown Source)

19:46:01.055 ERROR - Zero sized response read from XMD. This indicates a communication error or a programming error. 
20:01:56.211 INFO  - FPGA configured successfully with bitstream "C:/Users/sti/Desktop/GreedSnake_VGA/piano/SDK/SDK_Export/piano_hw_platform/download.bit" 
20:02:29.098 ERROR - Unexpected error while fetching XMD's response:  java.net.SocketException: Connection reset
	at java.net.SocketInputStream.read(Unknown Source)
	at sun.nio.cs.StreamDecoder.readBytes(Unknown Source)

20:02:29.104 ERROR - Zero sized response read from XMD. This indicates a communication error or a programming error. 
20:05:44.035 INFO  - FPGA configured successfully with bitstream "C:/Users/sti/Desktop/GreedSnake_VGA/piano/SDK/SDK_Export/piano_hw_platform/download.bit" 
20:06:39.059 ERROR - Unexpected error while fetching XMD's response:  java.net.SocketException: Connection reset
	at java.net.SocketInputStream.read(Unknown Source)
	at sun.nio.cs.StreamDecoder.readBytes(Unknown Source)

20:06:39.081 ERROR - Zero sized response read from XMD. This indicates a communication error or a programming error. 
20:21:19.248 INFO  - FPGA configured successfully with bitstream "C:/Users/sti/Desktop/GreedSnake_VGA/piano/SDK/SDK_Export/piano_hw_platform/download.bit" 
20:21:26.576 ERROR - Unexpected error while fetching XMD's response:  java.net.SocketException: Connection reset
	at java.net.SocketInputStream.read(Unknown Source)
	at sun.nio.cs.StreamDecoder.readBytes(Unknown Source)

20:21:26.596 ERROR - Zero sized response read from XMD. This indicates a communication error or a programming error. 
20:27:47.277 INFO  - FPGA configured successfully with bitstream "C:/Users/sti/Desktop/GreedSnake_VGA/piano/SDK/SDK_Export/piano_hw_platform/download.bit" 
20:28:16.959 ERROR - Unexpected error while fetching XMD's response:  java.net.SocketException: Connection reset
	at java.net.SocketInputStream.read(Unknown Source)
	at sun.nio.cs.StreamDecoder.readBytes(Unknown Source)

20:28:16.962 ERROR - Zero sized response read from XMD. This indicates a communication error or a programming error. 
20:32:05.814 INFO  - FPGA configured successfully with bitstream "C:/Users/sti/Desktop/GreedSnake_VGA/piano/SDK/SDK_Export/piano_hw_platform/download.bit" 
20:32:28.808 ERROR - Unexpected error while fetching XMD's response:  java.net.SocketException: Connection reset
	at java.net.SocketInputStream.read(Unknown Source)
	at sun.nio.cs.StreamDecoder.readBytes(Unknown Source)

20:32:28.822 ERROR - Zero sized response read from XMD. This indicates a communication error or a programming error. 
20:58:07.380 ERROR - Unexpected error while issuing command {"command": "xdisconnect -cable"} to XMD: java.net.SocketException: Connection reset by peer: socket write error 
20:58:49.799 INFO  - FPGA configured successfully with bitstream "C:/Users/sti/Desktop/GreedSnake_VGA/piano/SDK/SDK_Export/piano_hw_platform/download.bit" 
21:02:36.086 ERROR - Unexpected error while parsing XMD response ?: com.google.gson.JsonSyntaxException: com.google.gson.stream.MalformedJsonException: invalid number or unquoted string near  
21:03:24.466 INFO  - FPGA configured successfully with bitstream "C:/Users/sti/Desktop/GreedSnake_VGA/piano/SDK/SDK_Export/piano_hw_platform/download.bit" 
21:04:14.133 ERROR - Unexpected error while fetching XMD's response:  java.net.SocketException: Connection reset
	at java.net.SocketInputStream.read(Unknown Source)
	at sun.nio.cs.StreamDecoder.readBytes(Unknown Source)

21:04:14.135 ERROR - Zero sized response read from XMD. This indicates a communication error or a programming error. 
21:05:34.216 INFO  - FPGA configured successfully with bitstream "C:/Users/sti/Desktop/GreedSnake_VGA/piano/SDK/SDK_Export/piano_hw_platform/download.bit" 
21:06:46.598 ERROR - Unexpected error while parsing XMD response ?: com.google.gson.JsonSyntaxException: com.google.gson.stream.MalformedJsonException: invalid number or unquoted string near  
21:07:23.840 INFO  - FPGA configured successfully with bitstream "C:/Users/sti/Desktop/GreedSnake_VGA/piano/SDK/SDK_Export/piano_hw_platform/download.bit" 
22:18:17.369 ERROR - Unexpected error while fetching XMD's response:  java.net.SocketException: Connection reset
	at java.net.SocketInputStream.read(Unknown Source)
	at sun.nio.cs.StreamDecoder.readBytes(Unknown Source)

22:18:17.373 ERROR - Zero sized response read from XMD. This indicates a communication error or a programming error. 
00:01:16.551 INFO  - FPGA configured successfully with bitstream "C:/Users/Administrator.USER-20150626MN/Desktop/SNAKE1/SDK/SDK_Export/SNAKE_hw_platform/download.bit" 
00:05:12.009 INFO  - FPGA configured successfully with bitstream "C:/Users/Administrator.USER-20150626MN/Desktop/SNAKE1/SDK/SDK_Export/SNAKE_hw_platform/download.bit" 
00:15:28.381 ERROR - Unexpected error while parsing XMD response ?: com.google.gson.JsonSyntaxException: com.google.gson.stream.MalformedJsonException: invalid number or unquoted string near  
01:28:47.208 INFO  - FPGA configured successfully with bitstream "C:/Users/LEON/Desktop/SNAKE1/SDK/SDK_Export/SNAKE_hw_platform/download.bit" 
01:28:55.515 ERROR - Unable to determine the referenced BSP for application project snake. Please make sure that the project specified in the launch configuration has a referenced BSP project. 
01:31:52.433 INFO  - FPGA configured successfully with bitstream "C:/Users/LEON/Desktop/SNAKE1/SDK/SDK_Export/SNAKE_hw_platform/download.bit" 
01:31:56.442 ERROR - Unable to determine the referenced BSP for application project snake. Please make sure that the project specified in the launch configuration has a referenced BSP project. 
01:32:20.804 INFO  - FPGA configured successfully with bitstream "C:/Users/LEON/Desktop/SNAKE1/SDK/SDK_Export/SNAKE_hw_platform/download.bit" 
01:32:40.221 ERROR - Unexpected error while parsing XMD response ?: com.google.gson.JsonSyntaxException: com.google.gson.stream.MalformedJsonException: invalid number or unquoted string near  
01:48:08.758 INFO  - FPGA configured successfully with bitstream "C:/Users/LEON/Desktop/SNAKE1/SDK/SDK_Export/SNAKE_hw_platform/download.bit" 
01:52:34.829 INFO  - FPGA configured successfully with bitstream "C:/Users/LEON/Desktop/SNAKE1/SDK/SDK_Export/SNAKE_hw_platform/download.bit" 
02:02:14.659 ERROR - Unexpected error while parsing XMD response ?: com.google.gson.JsonSyntaxException: com.google.gson.stream.MalformedJsonException: invalid number or unquoted string near  
02:07:59.368 INFO  - FPGA configured successfully with bitstream "C:/Users/LEON/Desktop/ballball/SDK/SDK_Export/SNAKE_hw_platform/download.bit" 
02:09:43.990 INFO  - FPGA configured successfully with bitstream "C:/Users/LEON/Desktop/ballball/SDK/SDK_Export/SNAKE_hw_platform/download.bit" 
02:10:31.630 INFO  - FPGA configured successfully with bitstream "C:/Users/LEON/Desktop/ballball/SDK/SDK_Export/SNAKE_hw_platform/download.bit" 
02:27:20.493 INFO  - FPGA configured successfully with bitstream "C:/Users/LEON/Desktop/ballball/SDK/SDK_Export/SNAKE_hw_platform/download.bit" 
02:27:34.443 INFO  - FPGA configured successfully with bitstream "C:/Users/LEON/Desktop/ballball/SDK/SDK_Export/SNAKE_hw_platform/download.bit" 
02:28:36.387 INFO  - FPGA configured successfully with bitstream "C:/Users/LEON/Desktop/ballball/SDK/SDK_Export/SNAKE_hw_platform/download.bit" 
02:32:07.123 INFO  - FPGA configured successfully with bitstream "C:/Users/LEON/Desktop/ballball/SDK/SDK_Export/SNAKE_hw_platform/download.bit" 
02:32:37.572 INFO  - FPGA configured successfully with bitstream "C:/Users/LEON/Desktop/ballball/SDK/SDK_Export/SNAKE_hw_platform/download.bit" 
02:38:52.323 INFO  - FPGA configured successfully with bitstream "C:/Users/LEON/Desktop/ballball/SDK/SDK_Export/SNAKE_hw_platform/download.bit" 
02:40:48.016 INFO  - FPGA configured successfully with bitstream "C:/Users/LEON/Desktop/ballball/SDK/SDK_Export/SNAKE_hw_platform/download.bit" 
02:49:57.246 INFO  - FPGA configured successfully with bitstream "C:/Users/LEON/Desktop/ballball/SDK/SDK_Export/SNAKE_hw_platform/download.bit" 
02:51:22.186 INFO  - FPGA configured successfully with bitstream "C:/Users/LEON/Desktop/ballball/SDK/SDK_Export/SNAKE_hw_platform/download.bit" 
02:53:56.816 INFO  - FPGA configured successfully with bitstream "C:/Users/LEON/Desktop/ballball/SDK/SDK_Export/SNAKE_hw_platform/download.bit" 
02:55:34.626 INFO  - FPGA configured successfully with bitstream "C:/Users/LEON/Desktop/ballball/SDK/SDK_Export/SNAKE_hw_platform/download.bit" 
03:02:23.502 INFO  - FPGA configured successfully with bitstream "C:/Users/LEON/Desktop/ballball/SDK/SDK_Export/SNAKE_hw_platform/download.bit" 
03:05:20.332 INFO  - FPGA configured successfully with bitstream "C:/Users/LEON/Desktop/ballball/SDK/SDK_Export/SNAKE_hw_platform/download.bit" 
03:06:42.762 INFO  - FPGA configured successfully with bitstream "C:/Users/LEON/Desktop/ballball/SDK/SDK_Export/SNAKE_hw_platform/download.bit" 
03:06:56.370 INFO  - FPGA configured successfully with bitstream "C:/Users/LEON/Desktop/ballball/SDK/SDK_Export/SNAKE_hw_platform/download.bit" 
03:08:13.193 INFO  - FPGA configured successfully with bitstream "C:/Users/LEON/Desktop/ballball/SDK/SDK_Export/SNAKE_hw_platform/download.bit" 
03:09:17.971 INFO  - FPGA configured successfully with bitstream "C:/Users/LEON/Desktop/ballball/SDK/SDK_Export/SNAKE_hw_platform/download.bit" 
03:10:41.954 INFO  - FPGA configured successfully with bitstream "C:/Users/LEON/Desktop/ballball/SDK/SDK_Export/SNAKE_hw_platform/download.bit" 
03:12:53.237 INFO  - FPGA configured successfully with bitstream "C:/Users/LEON/Desktop/ballball/SDK/SDK_Export/SNAKE_hw_platform/download.bit" 
03:16:04.902 INFO  - FPGA configured successfully with bitstream "C:/Users/LEON/Desktop/ballball/SDK/SDK_Export/SNAKE_hw_platform/download.bit" 
03:16:56.197 INFO  - FPGA configured successfully with bitstream "C:/Users/LEON/Desktop/ballball/SDK/SDK_Export/SNAKE_hw_platform/download.bit" 
03:18:11.793 INFO  - FPGA configured successfully with bitstream "C:/Users/LEON/Desktop/ballball/SDK/SDK_Export/SNAKE_hw_platform/download.bit" 
03:23:04.035 INFO  - FPGA configured successfully with bitstream "C:/Users/LEON/Desktop/ballball/SDK/SDK_Export/SNAKE_hw_platform/download.bit" 
03:23:44.214 INFO  - FPGA configured successfully with bitstream "C:/Users/LEON/Desktop/ballball/SDK/SDK_Export/SNAKE_hw_platform/download.bit" 
03:26:02.825 INFO  - FPGA configured successfully with bitstream "C:/Users/LEON/Desktop/ballball/SDK/SDK_Export/SNAKE_hw_platform/download.bit" 
03:28:15.086 INFO  - FPGA configured successfully with bitstream "C:/Users/LEON/Desktop/ballball/SDK/SDK_Export/SNAKE_hw_platform/download.bit" 
03:29:52.969 INFO  - FPGA configured successfully with bitstream "C:/Users/LEON/Desktop/ballball/SDK/SDK_Export/SNAKE_hw_platform/download.bit" 
03:31:38.665 INFO  - FPGA configured successfully with bitstream "C:/Users/LEON/Desktop/ballball/SDK/SDK_Export/SNAKE_hw_platform/download.bit" 
03:33:27.052 INFO  - FPGA configured successfully with bitstream "C:/Users/LEON/Desktop/ballball/SDK/SDK_Export/SNAKE_hw_platform/download.bit" 
03:34:01.940 INFO  - FPGA configured successfully with bitstream "C:/Users/LEON/Desktop/ballball/SDK/SDK_Export/SNAKE_hw_platform/download.bit" 
03:37:16.525 INFO  - FPGA configured successfully with bitstream "C:/Users/LEON/Desktop/ballball/SDK/SDK_Export/SNAKE_hw_platform/download.bit" 
03:38:49.993 INFO  - FPGA configured successfully with bitstream "C:/Users/LEON/Desktop/ballball/SDK/SDK_Export/SNAKE_hw_platform/download.bit" 
03:39:30.454 INFO  - FPGA configured successfully with bitstream "C:/Users/LEON/Desktop/ballball/SDK/SDK_Export/SNAKE_hw_platform/download.bit" 
03:40:35.838 INFO  - FPGA configured successfully with bitstream "C:/Users/LEON/Desktop/ballball/SDK/SDK_Export/SNAKE_hw_platform/download.bit" 
03:44:15.718 INFO  - FPGA configured successfully with bitstream "C:/Users/LEON/Desktop/ballball/SDK/SDK_Export/SNAKE_hw_platform/download.bit" 
03:46:23.595 INFO  - FPGA configured successfully with bitstream "C:/Users/LEON/Desktop/ballball/SDK/SDK_Export/SNAKE_hw_platform/download.bit" 
03:47:41.020 INFO  - FPGA configured successfully with bitstream "C:/Users/LEON/Desktop/ballball/SDK/SDK_Export/SNAKE_hw_platform/download.bit" 
03:48:38.260 INFO  - FPGA configured successfully with bitstream "C:/Users/LEON/Desktop/ballball/SDK/SDK_Export/SNAKE_hw_platform/download.bit" 
03:52:05.529 INFO  - FPGA configured successfully with bitstream "C:/Users/LEON/Desktop/ballball/SDK/SDK_Export/SNAKE_hw_platform/download.bit" 
03:55:02.336 INFO  - FPGA configured successfully with bitstream "C:/Users/LEON/Desktop/ballball/SDK/SDK_Export/SNAKE_hw_platform/download.bit" 
03:56:38.412 INFO  - FPGA configured successfully with bitstream "C:/Users/LEON/Desktop/ballball/SDK/SDK_Export/SNAKE_hw_platform/download.bit" 
04:06:47.275 INFO  - FPGA configured successfully with bitstream "C:/Users/LEON/Desktop/ballball/SDK/SDK_Export/SNAKE_hw_platform/download.bit" 
04:07:54.017 INFO  - FPGA configured successfully with bitstream "C:/Users/LEON/Desktop/ballball/SDK/SDK_Export/SNAKE_hw_platform/download.bit" 
04:08:33.038 INFO  - FPGA configured successfully with bitstream "C:/Users/LEON/Desktop/ballball/SDK/SDK_Export/SNAKE_hw_platform/download.bit" 
04:09:12.401 INFO  - FPGA configured successfully with bitstream "C:/Users/LEON/Desktop/ballball/SDK/SDK_Export/SNAKE_hw_platform/download.bit" 
04:09:43.059 INFO  - FPGA configured successfully with bitstream "C:/Users/LEON/Desktop/ballball/SDK/SDK_Export/SNAKE_hw_platform/download.bit" 
04:12:31.183 INFO  - FPGA configured successfully with bitstream "C:/Users/LEON/Desktop/ballball/SDK/SDK_Export/SNAKE_hw_platform/download.bit" 
04:14:14.775 INFO  - FPGA configured successfully with bitstream "C:/Users/LEON/Desktop/ballball/SDK/SDK_Export/SNAKE_hw_platform/download.bit" 
04:16:00.016 INFO  - FPGA configured successfully with bitstream "C:/Users/LEON/Desktop/ballball/SDK/SDK_Export/SNAKE_hw_platform/download.bit" 
04:17:43.085 INFO  - FPGA configured successfully with bitstream "C:/Users/LEON/Desktop/ballball/SDK/SDK_Export/SNAKE_hw_platform/download.bit" 
04:18:18.096 INFO  - FPGA configured successfully with bitstream "C:/Users/LEON/Desktop/ballball/SDK/SDK_Export/SNAKE_hw_platform/download.bit" 
04:19:12.603 INFO  - FPGA configured successfully with bitstream "C:/Users/LEON/Desktop/ballball/SDK/SDK_Export/SNAKE_hw_platform/download.bit" 
04:29:28.092 INFO  - FPGA configured successfully with bitstream "C:/Users/LEON/Desktop/ballball/SDK/SDK_Export/SNAKE_hw_platform/download.bit" 
04:29:59.461 INFO  - FPGA configured successfully with bitstream "C:/Users/LEON/Desktop/ballball/SDK/SDK_Export/SNAKE_hw_platform/download.bit" 
04:32:45.397 INFO  - FPGA configured successfully with bitstream "C:/Users/LEON/Desktop/ballball/SDK/SDK_Export/SNAKE_hw_platform/download.bit" 
04:38:22.672 INFO  - FPGA configured successfully with bitstream "C:/Users/LEON/Desktop/ballball/SDK/SDK_Export/SNAKE_hw_platform/download.bit" 
04:39:40.956 INFO  - FPGA configured successfully with bitstream "C:/Users/LEON/Desktop/ballball/SDK/SDK_Export/SNAKE_hw_platform/download.bit" 
04:40:40.104 INFO  - FPGA configured successfully with bitstream "C:/Users/LEON/Desktop/ballball/SDK/SDK_Export/SNAKE_hw_platform/download.bit" 
04:46:01.087 INFO  - FPGA configured successfully with bitstream "C:/Users/LEON/Desktop/ballball/SDK/SDK_Export/SNAKE_hw_platform/download.bit" 
04:46:52.186 INFO  - FPGA configured successfully with bitstream "C:/Users/LEON/Desktop/ballball/SDK/SDK_Export/SNAKE_hw_platform/download.bit" 
04:50:13.873 INFO  - FPGA configured successfully with bitstream "C:/Users/LEON/Desktop/ballball/SDK/SDK_Export/SNAKE_hw_platform/download.bit" 
04:50:55.152 INFO  - FPGA configured successfully with bitstream "C:/Users/LEON/Desktop/ballball/SDK/SDK_Export/SNAKE_hw_platform/download.bit" 
04:51:20.401 INFO  - FPGA configured successfully with bitstream "C:/Users/LEON/Desktop/ballball/SDK/SDK_Export/SNAKE_hw_platform/download.bit" 
04:53:08.202 INFO  - FPGA configured successfully with bitstream "C:/Users/LEON/Desktop/ballball/SDK/SDK_Export/SNAKE_hw_platform/download.bit" 
04:54:07.745 INFO  - FPGA configured successfully with bitstream "C:/Users/LEON/Desktop/ballball/SDK/SDK_Export/SNAKE_hw_platform/download.bit" 
04:55:07.898 INFO  - FPGA configured successfully with bitstream "C:/Users/LEON/Desktop/ballball/SDK/SDK_Export/SNAKE_hw_platform/download.bit" 
04:56:10.002 INFO  - FPGA configured successfully with bitstream "C:/Users/LEON/Desktop/ballball/SDK/SDK_Export/SNAKE_hw_platform/download.bit" 
04:57:05.014 INFO  - FPGA configured successfully with bitstream "C:/Users/LEON/Desktop/ballball/SDK/SDK_Export/SNAKE_hw_platform/download.bit" 
04:58:11.101 INFO  - FPGA configured successfully with bitstream "C:/Users/LEON/Desktop/ballball/SDK/SDK_Export/SNAKE_hw_platform/download.bit" 
04:58:49.410 INFO  - FPGA configured successfully with bitstream "C:/Users/LEON/Desktop/ballball/SDK/SDK_Export/SNAKE_hw_platform/download.bit" 
05:00:04.878 INFO  - FPGA configured successfully with bitstream "C:/Users/LEON/Desktop/ballball/SDK/SDK_Export/SNAKE_hw_platform/download.bit" 
05:00:39.648 INFO  - FPGA configured successfully with bitstream "C:/Users/LEON/Desktop/ballball/SDK/SDK_Export/SNAKE_hw_platform/download.bit" 
05:01:07.547 INFO  - FPGA configured successfully with bitstream "C:/Users/LEON/Desktop/ballball/SDK/SDK_Export/SNAKE_hw_platform/download.bit" 
05:02:11.788 INFO  - FPGA configured successfully with bitstream "C:/Users/LEON/Desktop/ballball/SDK/SDK_Export/SNAKE_hw_platform/download.bit" 
05:03:03.578 INFO  - FPGA configured successfully with bitstream "C:/Users/LEON/Desktop/ballball/SDK/SDK_Export/SNAKE_hw_platform/download.bit" 
05:03:49.143 INFO  - FPGA configured successfully with bitstream "C:/Users/LEON/Desktop/ballball/SDK/SDK_Export/SNAKE_hw_platform/download.bit" 
05:05:27.804 INFO  - FPGA configured successfully with bitstream "C:/Users/LEON/Desktop/ballball/SDK/SDK_Export/SNAKE_hw_platform/download.bit" 
05:06:44.973 INFO  - FPGA configured successfully with bitstream "C:/Users/LEON/Desktop/ballball/SDK/SDK_Export/SNAKE_hw_platform/download.bit" 
05:07:24.799 INFO  - FPGA configured successfully with bitstream "C:/Users/LEON/Desktop/ballball/SDK/SDK_Export/SNAKE_hw_platform/download.bit" 
05:08:16.289 INFO  - FPGA configured successfully with bitstream "C:/Users/LEON/Desktop/ballball/SDK/SDK_Export/SNAKE_hw_platform/download.bit" 
05:09:05.523 INFO  - FPGA configured successfully with bitstream "C:/Users/LEON/Desktop/ballball/SDK/SDK_Export/SNAKE_hw_platform/download.bit" 
05:10:00.650 INFO  - FPGA configured successfully with bitstream "C:/Users/LEON/Desktop/ballball/SDK/SDK_Export/SNAKE_hw_platform/download.bit" 
05:11:35.434 INFO  - FPGA configured successfully with bitstream "C:/Users/LEON/Desktop/ballball/SDK/SDK_Export/SNAKE_hw_platform/download.bit" 
05:12:44.356 INFO  - FPGA configured successfully with bitstream "C:/Users/LEON/Desktop/ballball/SDK/SDK_Export/SNAKE_hw_platform/download.bit" 
05:15:06.327 INFO  - FPGA configured successfully with bitstream "C:/Users/LEON/Desktop/ballball/SDK/SDK_Export/SNAKE_hw_platform/download.bit" 
05:16:30.506 INFO  - FPGA configured successfully with bitstream "C:/Users/LEON/Desktop/ballball/SDK/SDK_Export/SNAKE_hw_platform/download.bit" 
05:17:00.430 INFO  - FPGA configured successfully with bitstream "C:/Users/LEON/Desktop/ballball/SDK/SDK_Export/SNAKE_hw_platform/download.bit" 
05:18:34.719 INFO  - FPGA configured successfully with bitstream "C:/Users/LEON/Desktop/ballball/SDK/SDK_Export/SNAKE_hw_platform/download.bit" 
05:22:14.599 INFO  - FPGA configured successfully with bitstream "C:/Users/LEON/Desktop/ballball/SDK/SDK_Export/SNAKE_hw_platform/download.bit" 
05:23:46.053 INFO  - FPGA configured successfully with bitstream "C:/Users/LEON/Desktop/ballball/SDK/SDK_Export/SNAKE_hw_platform/download.bit" 
05:24:36.633 INFO  - FPGA configured successfully with bitstream "C:/Users/LEON/Desktop/ballball/SDK/SDK_Export/SNAKE_hw_platform/download.bit" 
05:26:12.562 INFO  - FPGA configured successfully with bitstream "C:/Users/LEON/Desktop/ballball/SDK/SDK_Export/SNAKE_hw_platform/download.bit" 
05:27:54.027 INFO  - FPGA configured successfully with bitstream "C:/Users/LEON/Desktop/ballball/SDK/SDK_Export/SNAKE_hw_platform/download.bit" 
05:29:07.972 INFO  - FPGA configured successfully with bitstream "C:/Users/LEON/Desktop/ballball/SDK/SDK_Export/SNAKE_hw_platform/download.bit" 
05:30:07.072 INFO  - FPGA configured successfully with bitstream "C:/Users/LEON/Desktop/ballball/SDK/SDK_Export/SNAKE_hw_platform/download.bit" 
05:33:06.741 INFO  - FPGA configured successfully with bitstream "C:/Users/LEON/Desktop/ballball/SDK/SDK_Export/SNAKE_hw_platform/download.bit" 
05:34:57.288 INFO  - FPGA configured successfully with bitstream "C:/Users/LEON/Desktop/ballball/SDK/SDK_Export/SNAKE_hw_platform/download.bit" 
05:35:47.582 INFO  - FPGA configured successfully with bitstream "C:/Users/LEON/Desktop/ballball/SDK/SDK_Export/SNAKE_hw_platform/download.bit" 
05:37:20.030 INFO  - FPGA configured successfully with bitstream "C:/Users/LEON/Desktop/ballball/SDK/SDK_Export/SNAKE_hw_platform/download.bit" 
05:39:57.752 INFO  - FPGA configured successfully with bitstream "C:/Users/LEON/Desktop/ballball/SDK/SDK_Export/SNAKE_hw_platform/download.bit" 
05:41:43.861 INFO  - FPGA configured successfully with bitstream "C:/Users/LEON/Desktop/ballball/SDK/SDK_Export/SNAKE_hw_platform/download.bit" 
05:44:52.676 INFO  - FPGA configured successfully with bitstream "C:/Users/LEON/Desktop/ballball/SDK/SDK_Export/SNAKE_hw_platform/download.bit" 
05:45:44.197 INFO  - FPGA configured successfully with bitstream "C:/Users/LEON/Desktop/ballball/SDK/SDK_Export/SNAKE_hw_platform/download.bit" 
05:46:03.285 ERROR - Unexpected error while parsing XMD response ?: com.google.gson.JsonSyntaxException: com.google.gson.stream.MalformedJsonException: invalid number or unquoted string near  
12:28:50.624 INFO  - FPGA configured successfully with bitstream "C:/Users/LEON/Desktop/ballball/SDK/SDK_Export/SNAKE_hw_platform/download.bit" 
12:30:02.353 INFO  - FPGA configured successfully with bitstream "C:/Users/LEON/Desktop/ballball/SDK/SDK_Export/SNAKE_hw_platform/download.bit" 
12:30:47.362 INFO  - FPGA configured successfully with bitstream "C:/Users/LEON/Desktop/ballball/SDK/SDK_Export/SNAKE_hw_platform/download.bit" 
12:33:04.305 INFO  - FPGA configured successfully with bitstream "C:/Users/LEON/Desktop/ballball/SDK/SDK_Export/SNAKE_hw_platform/download.bit" 
12:35:52.398 INFO  - FPGA configured successfully with bitstream "C:/Users/LEON/Desktop/ballball/SDK/SDK_Export/SNAKE_hw_platform/download.bit" 
12:36:31.510 INFO  - FPGA configured successfully with bitstream "C:/Users/LEON/Desktop/ballball/SDK/SDK_Export/SNAKE_hw_platform/download.bit" 
12:38:03.564 INFO  - FPGA configured successfully with bitstream "C:/Users/LEON/Desktop/ballball/SDK/SDK_Export/SNAKE_hw_platform/download.bit" 
12:39:14.265 INFO  - FPGA configured successfully with bitstream "C:/Users/LEON/Desktop/ballball/SDK/SDK_Export/SNAKE_hw_platform/download.bit" 
12:45:25.498 INFO  - FPGA configured successfully with bitstream "C:/Users/LEON/Desktop/ballball/SDK/SDK_Export/SNAKE_hw_platform/download.bit" 
12:46:36.076 INFO  - FPGA configured successfully with bitstream "C:/Users/LEON/Desktop/ballball/SDK/SDK_Export/SNAKE_hw_platform/download.bit" 
12:47:36.705 INFO  - FPGA configured successfully with bitstream "C:/Users/LEON/Desktop/ballball/SDK/SDK_Export/SNAKE_hw_platform/download.bit" 
12:53:39.571 INFO  - FPGA configured successfully with bitstream "C:/Users/LEON/Desktop/ballball/SDK/SDK_Export/SNAKE_hw_platform/download.bit" 
12:54:11.045 INFO  - FPGA configured successfully with bitstream "C:/Users/LEON/Desktop/ballball/SDK/SDK_Export/SNAKE_hw_platform/download.bit" 
12:54:57.229 INFO  - FPGA configured successfully with bitstream "C:/Users/LEON/Desktop/ballball/SDK/SDK_Export/SNAKE_hw_platform/download.bit" 
12:56:56.653 INFO  - FPGA configured successfully with bitstream "C:/Users/LEON/Desktop/ballball/SDK/SDK_Export/SNAKE_hw_platform/download.bit" 
12:59:47.408 INFO  - FPGA configured successfully with bitstream "C:/Users/LEON/Desktop/ballball/SDK/SDK_Export/SNAKE_hw_platform/download.bit" 
13:01:49.131 INFO  - FPGA configured successfully with bitstream "C:/Users/LEON/Desktop/ballball/SDK/SDK_Export/SNAKE_hw_platform/download.bit" 
13:04:52.180 INFO  - FPGA configured successfully with bitstream "C:/Users/LEON/Desktop/ballball/SDK/SDK_Export/SNAKE_hw_platform/download.bit" 
13:06:24.052 INFO  - FPGA configured successfully with bitstream "C:/Users/LEON/Desktop/ballball/SDK/SDK_Export/SNAKE_hw_platform/download.bit" 
13:31:54.809 ERROR - Unexpected error while parsing XMD response ?: com.google.gson.JsonSyntaxException: com.google.gson.stream.MalformedJsonException: invalid number or unquoted string near  
13:32:35.789 INFO  - FPGA configured successfully with bitstream "C:/Users/LEON/Desktop/ballball/SDK/SDK_Export/SNAKE_hw_platform/download.bit" 
13:32:55.673 ERROR - Unexpected error while parsing XMD response ?: com.google.gson.JsonSyntaxException: com.google.gson.stream.MalformedJsonException: invalid number or unquoted string near  
14:19:56.569 INFO  - FPGA configured successfully with bitstream "C:/Users/LEON/Desktop/ballball/SDK/SDK_Export/SNAKE_hw_platform/download.bit" 
14:21:16.629 INFO  - FPGA configured successfully with bitstream "C:/Users/LEON/Desktop/ballball/SDK/SDK_Export/SNAKE_hw_platform/download.bit" 
14:22:01.941 INFO  - FPGA configured successfully with bitstream "C:/Users/LEON/Desktop/ballball/SDK/SDK_Export/SNAKE_hw_platform/download.bit" 
14:23:05.746 INFO  - FPGA configured successfully with bitstream "C:/Users/LEON/Desktop/ballball/SDK/SDK_Export/SNAKE_hw_platform/download.bit" 
14:24:30.002 INFO  - FPGA configured successfully with bitstream "C:/Users/LEON/Desktop/ballball/SDK/SDK_Export/SNAKE_hw_platform/download.bit" 
14:26:00.947 INFO  - FPGA configured successfully with bitstream "C:/Users/LEON/Desktop/ballball/SDK/SDK_Export/SNAKE_hw_platform/download.bit" 
14:29:52.678 INFO  - FPGA configured successfully with bitstream "C:/Users/LEON/Desktop/ballball/SDK/SDK_Export/SNAKE_hw_platform/download.bit" 
14:31:14.926 INFO  - FPGA configured successfully with bitstream "C:/Users/LEON/Desktop/ballball/SDK/SDK_Export/SNAKE_hw_platform/download.bit" 
14:34:22.679 INFO  - FPGA configured successfully with bitstream "C:/Users/LEON/Desktop/ballball/SDK/SDK_Export/SNAKE_hw_platform/download.bit" 
14:41:59.325 INFO  - FPGA configured successfully with bitstream "C:/Users/LEON/Desktop/ballball/SDK/SDK_Export/SNAKE_hw_platform/download.bit" 
14:43:12.369 ERROR - Unexpected error while parsing XMD response ?: com.google.gson.JsonSyntaxException: com.google.gson.stream.MalformedJsonException: invalid number or unquoted string near  
